Arguments: 
  /usr/local/bin/node /usr/local/bin/yarn add formik yup

PATH: 
  /usr/local/opt/php@7.4/sbin:/usr/local/opt/php@7.4/bin:/usr/local/bin:/usr/bin:/bin:/usr/sbin:/sbin:/usr/local/opt/php@7.4/sbin:/usr/local/opt/php@7.4/bin

Yarn version: 
  1.22.17

Node version: 
  14.18.1

Platform: 
  darwin x64

Trace: 
  Invariant Violation: could not find a copy of react-native-vector-icons to link in /usr/local/var/www/native/uber-clone/node_modules/react-native-bouncy-checkbox/node_modules
      at invariant (/usr/local/lib/node_modules/yarn/lib/cli.js:2314:15)
      at PackageLinker.<anonymous> (/usr/local/lib/node_modules/yarn/lib/cli.js:48895:7)
      at Generator.next (<anonymous>)
      at step (/usr/local/lib/node_modules/yarn/lib/cli.js:310:30)
      at /usr/local/lib/node_modules/yarn/lib/cli.js:321:13
      at runMicrotasks (<anonymous>)
      at processTicksAndRejections (internal/process/task_queues.js:95:5)

npm manifest: 
  {
    "dependencies": {
      "@react-navigation/native": "^6.0.6",
      "@react-navigation/stack": "^6.0.11",
      "axios": "^0.24.0",
      "bootstrap": "^5.1.3",
      "expo": "^43.0.0",
      "react": "^17.0.1",
      "react-dom": "^17.0.1",
      "react-native": "0.64.2",
      "react-native-bouncy-checkbox": "^2.1.7",
      "react-native-elements": "^3.4.2",
      "react-native-gesture-handler": "^1.10.3",
      "react-native-google-places-autocomplete": "^2.4.1",
      "react-native-safe-area-context": "^3.3.2",
      "react-native-safe-area-view": "^1.1.1",
      "react-native-tailwindcss": "^1.1.11",
      "react-native-vector-icons": "^9.0.0",
      "react-native-web": "0.17.1",
      "react-redux": "^7.2.6",
      "reactstrap": "^9.0.1",
      "reanimated-bottom-sheet": "^1.0.0-alpha.22"
    },
    "devDependencies": {
      "@babel/core": "^7.12.9"
    },
    "scripts": {
      "start": "expo start",
      "android": "expo start --android",
      "ios": "expo start --ios",
      "web": "expo start --web",
      "eject": "expo eject"
    },
    "private": true
  }

yarn manifest: 
  No manifest

Lockfile: 
  No lockfile
